# JRE version: Java(TM) SE Runtime Environment (8.0_171-b11) (build 1.8.0_171-b11)
# Java VM: Java HotSpot(TM) 64-Bit Server VM (25.171-b11 mixed mode windows-amd64 compressed oops)
Heap:
 PSYoungGen      total 336384K, used 262725K [0x00000000d5f00000, 0x00000000ef300000, 0x0000000100000000)
  eden space 317440K, 76% used [0x00000000d5f00000,0x00000000e4d11de0,0x00000000e9500000)
  from space 18944K, 99% used [0x00000000e9500000,0x00000000ea77f838,0x00000000ea780000)
  to   space 21504K, 0% used [0x00000000ede00000,0x00000000ede00000,0x00000000ef300000)
 ParOldGen       total 122880K, used 33828K [0x0000000081c00000, 0x0000000089400000, 0x00000000d5f00000)
  object space 122880K, 27% used [0x0000000081c00000,0x0000000083d091b0,0x0000000089400000)
 Metaspace       used 73813K, capacity 76570K, committed 76952K, reserved 1116160K
  class space    used 9905K, capacity 10388K, committed 10416K, reserved 1048576K
GC Heap History (10 events):
Event: 59.981 GC heap before
{Heap before GC invocations=12 (full 2):
 PSYoungGen      total 195072K, used 188183K [0x00000000d5f00000, 0x00000000e6700000, 0x0000000100000000)
  eden space 179200K, 100% used [0x00000000d5f00000,0x00000000e0e00000,0x00000000e0e00000)
  from space 15872K, 56% used [0x00000000e0e00000,0x00000000e16c5fa0,0x00000000e1d80000)
  to   space 15360K, 0% used [0x00000000e5800000,0x00000000e5800000,0x00000000e6700000)
 ParOldGen       total 88576K, used 21714K [0x0000000081c00000, 0x0000000087280000, 0x00000000d5f00000)
  object space 88576K, 24% used [0x0000000081c00000,0x0000000083134808,0x0000000087280000)
 Metaspace       used 53068K, capacity 54756K, committed 54952K, reserved 1097728K
  class space    used 7004K, capacity 7311K, committed 7344K, reserved 1048576K
Event: 60.011 GC heap after
Heap after GC invocations=12 (full 2):
 PSYoungGen      total 251392K, used 15335K [0x00000000d5f00000, 0x00000000e6b00000, 0x0000000100000000)
  eden space 236032K, 0% used [0x00000000d5f00000,0x00000000d5f00000,0x00000000e4580000)
  from space 15360K, 99% used [0x00000000e5800000,0x00000000e66f9cb0,0x00000000e6700000)
  to   space 18944K, 0% used [0x00000000e4580000,0x00000000e4580000,0x00000000e5800000)
 ParOldGen       total 88576K, used 26586K [0x0000000081c00000, 0x0000000087280000, 0x00000000d5f00000)
  object space 88576K, 30% used [0x0000000081c00000,0x00000000835f6ac0,0x0000000087280000)
 Metaspace       used 53068K, capacity 54756K, committed 54952K, reserved 1097728K
  class space    used 7004K, capacity 7311K, committed 7344K, reserved 1048576K
}
Event: 61.769 GC heap before
{Heap before GC invocations=13 (full 2):
 PSYoungGen      total 251392K, used 89767K [0x00000000d5f00000, 0x00000000e6b00000, 0x0000000100000000)
  eden space 236032K, 31% used [0x00000000d5f00000,0x00000000da7b0068,0x00000000e4580000)
  from space 15360K, 99% used [0x00000000e5800000,0x00000000e66f9cb0,0x00000000e6700000)
  to   space 18944K, 0% used [0x00000000e4580000,0x00000000e4580000,0x00000000e5800000)
 ParOldGen       total 88576K, used 26586K [0x0000000081c00000, 0x0000000087280000, 0x00000000d5f00000)
  object space 88576K, 30% used [0x0000000081c00000,0x00000000835f6ac0,0x0000000087280000)
 Metaspace       used 57016K, capacity 59018K, committed 59160K, reserved 1099776K
  class space    used 7542K, capacity 7900K, committed 7984K, reserved 1048576K
Event: 61.809 GC heap after
Heap after GC invocations=13 (full 2):
 PSYoungGen      total 254976K, used 5564K [0x00000000d5f00000, 0x00000000ec000000, 0x0000000100000000)
  eden space 236032K, 0% used [0x00000000d5f00000,0x00000000d5f00000,0x00000000e4580000)
  from space 18944K, 29% used [0x00000000e4580000,0x00000000e4aef2f0,0x00000000e5800000)
  to   space 18944K, 0% used [0x00000000ead80000,0x00000000ead80000,0x00000000ec000000)
 ParOldGen       total 88576K, used 35854K [0x0000000081c00000, 0x0000000087280000, 0x00000000d5f00000)
  object space 88576K, 40% used [0x0000000081c00000,0x0000000083f03af8,0x0000000087280000)
 Metaspace       used 57016K, capacity 59018K, committed 59160K, reserved 1099776K
  class space    used 7542K, capacity 7900K, committed 7984K, reserved 1048576K
}
Event: 61.809 GC heap before
{Heap before GC invocations=14 (full 3):
 PSYoungGen      total 254976K, used 5564K [0x00000000d5f00000, 0x00000000ec000000, 0x0000000100000000)
  eden space 236032K, 0% used [0x00000000d5f00000,0x00000000d5f00000,0x00000000e4580000)
  from space 18944K, 29% used [0x00000000e4580000,0x00000000e4aef2f0,0x00000000e5800000)
  to   space 18944K, 0% used [0x00000000ead80000,0x00000000ead80000,0x00000000ec000000)
 ParOldGen       total 88576K, used 35854K [0x0000000081c00000, 0x0000000087280000, 0x00000000d5f00000)
  object space 88576K, 40% used [0x0000000081c00000,0x0000000083f03af8,0x0000000087280000)
 Metaspace       used 57016K, capacity 59018K, committed 59160K, reserved 1099776K
  class space    used 7542K, capacity 7900K, committed 7984K, reserved 1048576K
Event: 62.265 GC heap after
Heap after GC invocations=14 (full 3):
 PSYoungGen      total 254976K, used 0K [0x00000000d5f00000, 0x00000000ec000000, 0x0000000100000000)
  eden space 236032K, 0% used [0x00000000d5f00000,0x00000000d5f00000,0x00000000e4580000)
  from space 18944K, 0% used [0x00000000e4580000,0x00000000e4580000,0x00000000e5800000)
  to   space 18944K, 0% used [0x00000000ead80000,0x00000000ead80000,0x00000000ec000000)
 ParOldGen       total 122880K, used 33074K [0x0000000081c00000, 0x0000000089400000, 0x00000000d5f00000)
  object space 122880K, 26% used [0x0000000081c00000,0x0000000083c4c850,0x0000000089400000)
 Metaspace       used 57016K, capacity 59018K, committed 59160K, reserved 1099776K
  class space    used 7542K, capacity 7900K, committed 7984K, reserved 1048576K
}
Event: 68.041 GC heap before
{Heap before GC invocations=15 (full 3):
 PSYoungGen      total 254976K, used 236032K [0x00000000d5f00000, 0x00000000ec000000, 0x0000000100000000)
  eden space 236032K, 100% used [0x00000000d5f00000,0x00000000e4580000,0x00000000e4580000)
  from space 18944K, 0% used [0x00000000e4580000,0x00000000e4580000,0x00000000e5800000)
  to   space 18944K, 0% used [0x00000000ead80000,0x00000000ead80000,0x00000000ec000000)
 ParOldGen       total 122880K, used 33074K [0x0000000081c00000, 0x0000000089400000, 0x00000000d5f00000)
  object space 122880K, 26% used [0x0000000081c00000,0x0000000083c4c850,0x0000000089400000)
 Metaspace       used 59851K, capacity 62192K, committed 62488K, reserved 1103872K
  class space    used 7951K, capacity 8369K, committed 8496K, reserved 1048576K
Event: 68.065 GC heap after
Heap after GC invocations=15 (full 3):
 PSYoungGen      total 311808K, used 12477K [0x00000000d5f00000, 0x00000000eba00000, 0x0000000100000000)
  eden space 299008K, 0% used [0x00000000d5f00000,0x00000000d5f00000,0x00000000e8300000)
  from space 12800K, 97% used [0x00000000ead80000,0x00000000eb9af4f8,0x00000000eba00000)
  to   space 18944K, 0% used [0x00000000e9500000,0x00000000e9500000,0x00000000ea780000)
 ParOldGen       total 122880K, used 33082K [0x0000000081c00000, 0x0000000089400000, 0x00000000d5f00000)
  object space 122880K, 26% used [0x0000000081c00000,0x0000000083c4e850,0x0000000089400000)
 Metaspace       used 59851K, capacity 62192K, committed 62488K, reserved 1103872K
  class space    used 7951K, capacity 8369K, committed 8496K, reserved 1048576K
}
Event: 81.126 GC heap before
{Heap before GC invocations=16 (full 3):
 PSYoungGen      total 311808K, used 311485K [0x00000000d5f00000, 0x00000000eba00000, 0x0000000100000000)
  eden space 299008K, 100% used [0x00000000d5f00000,0x00000000e8300000,0x00000000e8300000)
  from space 12800K, 97% used [0x00000000ead80000,0x00000000eb9af4f8,0x00000000eba00000)
  to   space 18944K, 0% used [0x00000000e9500000,0x00000000e9500000,0x00000000ea780000)
 ParOldGen       total 122880K, used 33082K [0x0000000081c00000, 0x0000000089400000, 0x00000000d5f00000)
  object space 122880K, 26% used [0x0000000081c00000,0x0000000083c4e850,0x0000000089400000)
 Metaspace       used 62843K, capacity 65496K, committed 65688K, reserved 1105920K
  class space    used 8363K, capacity 8825K, committed 8880K, reserved 1048576K
Event: 81.169 GC heap after
Heap after GC invocations=16 (full 3):
 PSYoungGen      total 336384K, used 18942K [0x00000000d5f00000, 0x00000000ef300000, 0x0000000100000000)
  eden space 317440K, 0% used [0x00000000d5f00000,0x00000000d5f00000,0x00000000e9500000)
  from space 18944K, 99% used [0x00000000e9500000,0x00000000ea77f838,0x00000000ea780000)
  to   space 21504K, 0% used [0x00000000ede00000,0x00000000ede00000,0x00000000ef300000)
 ParOldGen       total 122880K, used 33828K [0x0000000081c00000, 0x0000000089400000, 0x00000000d5f00000)
  object space 122880K, 27% used [0x0000000081c00000,0x0000000083d091b0,0x0000000089400000)
 Metaspace       used 62843K, capacity 65496K, committed 65688K, reserved 1105920K
  class space    used 8363K, capacity 8825K, committed 8880K, reserved 1048576K
}

